\BOOKMARK [1][-]{section.1}{\376\377\000\163\000\164\000\162\000\151\000\156\000\147}{}% 1
\BOOKMARK [2][-]{subsection.1.1}{\376\377\000\101\000\103\000\101\000\165\000\164\000\157\000\115\000\141\000\143\000\150\000\151\000\156\000\145}{section.1}% 2
\BOOKMARK [2][-]{subsection.1.2}{\376\377\000\113\000\115\000\120}{section.1}% 3
\BOOKMARK [2][-]{subsection.1.3}{\376\377\000\105\000\114\000\106\000\150\000\141\000\163\000\150}{section.1}% 4
\BOOKMARK [2][-]{subsection.1.4}{\376\377\000\115\000\151\000\156\000\151\000\155\000\165\000\155\000\040\000\122\000\145\000\160\000\162\000\145\000\163\000\145\000\156\000\164\000\141\000\164\000\151\000\157\000\156}{section.1}% 5
\BOOKMARK [2][-]{subsection.1.5}{\376\377\000\103\000\053\000\053\000\162\000\145\000\160\000\154\000\141\000\143\000\145\000\101\000\154\000\154}{section.1}% 6
\BOOKMARK [2][-]{subsection.1.6}{\376\377\000\102\000\141\000\163\000\145\000\066\000\064}{section.1}% 7
\BOOKMARK [2][-]{subsection.1.7}{\376\377\000\124\000\162\000\151\000\145\000\040\000\124\000\162\000\145\000\145}{section.1}% 8
\BOOKMARK [2][-]{subsection.1.8}{\376\377\000\123\000\165\000\146\000\146\000\151\000\170\000\040\000\101\000\162\000\162\000\141\000\171}{section.1}% 9
\BOOKMARK [1][-]{section.2}{\376\377\000\144\000\141\000\164\000\141\000\040\000\163\000\164\000\162\000\165\000\143\000\164\000\165\000\162\000\145}{}% 10
\BOOKMARK [2][-]{subsection.2.1}{\376\377\000\101\000\126\000\114}{section.2}% 11
\BOOKMARK [2][-]{subsection.2.2}{\376\377\000\123\000\160\000\154\000\141\000\171}{section.2}% 12
\BOOKMARK [2][-]{subsection.2.3}{\376\377\000\114\000\103\000\101\000\050\000\122\000\115\000\121\000\051}{section.2}% 13
\BOOKMARK [2][-]{subsection.2.4}{\376\377\000\154\000\145\000\146\000\164\000\151\000\163\000\164\000\040\000\124\000\162\000\145\000\145}{section.2}% 14
\BOOKMARK [2][-]{subsection.2.5}{\376\377\000\160\000\141\000\162\000\164\000\151\000\164\000\151\000\157\000\156\000\040\000\124\000\162\000\145\000\145}{section.2}% 15
\BOOKMARK [2][-]{subsection.2.6}{\376\377\000\164\000\162\000\145\000\145\000\040\000\122\000\145\000\160\000\162\000\145\000\163\000\145\000\156\000\164\000\141\000\164\000\151\000\157\000\156}{section.2}% 16
\BOOKMARK [2][-]{subsection.2.7}{\376\377\000\125\000\106\000\123}{section.2}% 17
\BOOKMARK [2][-]{subsection.2.8}{\376\377\000\102\000\111\000\124\000\137\000\146\000\151\000\156\000\144\000\113}{section.2}% 18
\BOOKMARK [2][-]{subsection.2.9}{\376\377\000\125\000\106\000\123\000\137\000\166\000\141\000\154\000\165\000\145}{section.2}% 19
\BOOKMARK [2][-]{subsection.2.10}{\376\377\000\063\000\104\000\137\000\102\000\111\000\124}{section.2}% 20
\BOOKMARK [2][-]{subsection.2.11}{\376\377\000\104\000\114\000\130\000\050\000\145\000\170\000\141\000\143\000\164\000\051}{section.2}% 21
\BOOKMARK [2][-]{subsection.2.12}{\376\377\000\104\000\114\000\130\000\050\000\151\000\156\000\144\000\151\000\163\000\164\000\151\000\156\000\143\000\164\000\051}{section.2}% 22
\BOOKMARK [1][-]{section.3}{\376\377\000\147\000\162\000\141\000\160\000\150}{}% 23
\BOOKMARK [2][-]{subsection.3.1}{\376\377\000\102\000\102\000\103}{section.3}% 24
\BOOKMARK [2][-]{subsection.3.2}{\376\377\000\105\000\102\000\102\000\103}{section.3}% 25
\BOOKMARK [2][-]{subsection.3.3}{\376\377\000\163\000\143\000\143}{section.3}% 26
\BOOKMARK [2][-]{subsection.3.4}{\376\377\000\062\000\055\000\163\000\141\000\164}{section.3}% 27
\BOOKMARK [2][-]{subsection.3.5}{\376\377\000\110\000\157\000\160\000\143\000\162\000\157\000\146\000\164\000\055\000\113\000\141\000\162\000\160}{section.3}% 28
\BOOKMARK [2][-]{subsection.3.6}{\376\377\000\150\000\165\000\156\000\147\000\141\000\162\000\171}{section.3}% 29
\BOOKMARK [2][-]{subsection.3.7}{\376\377\000\113\000\115}{section.3}% 30
\BOOKMARK [2][-]{subsection.3.8}{\376\377\000\163\000\164\000\141\000\142\000\154\000\145\000\115\000\141\000\162\000\162\000\151\000\141\000\147\000\145}{section.3}% 31
\BOOKMARK [2][-]{subsection.3.9}{\376\377\000\155\000\141\000\170\000\151\000\155\000\141\000\154\000\040\000\103\000\154\000\151\000\161\000\165\000\145}{section.3}% 32
\BOOKMARK [2][-]{subsection.3.10}{\376\377\000\115\000\141\000\170\000\103\000\154\000\151\000\161\000\165\000\145}{section.3}% 33
\BOOKMARK [2][-]{subsection.3.11}{\376\377\000\155\000\151\000\156\000\151\000\155\000\165\000\155\000\040\000\103\000\165\000\164}{section.3}% 34
\BOOKMARK [2][-]{subsection.3.12}{\376\377\000\114\000\103\000\101}{section.3}% 35
\BOOKMARK [2][-]{subsection.3.13}{\376\377\000\142\000\145\000\154\000\154\000\155\000\141\000\156\000\055\000\146\000\157\000\162\000\144}{section.3}% 36
\BOOKMARK [2][-]{subsection.3.14}{\376\377\000\105\000\165\000\154\000\141\000\162\000\055\000\146\000\154\000\145\000\165\000\162\000\171}{section.3}% 37
\BOOKMARK [2][-]{subsection.3.15}{\376\377\000\153\000\055\000\163\000\150\000\157\000\162\000\164\000\145\000\163\000\164\000\055\000\160\000\141\000\164\000\150\000\050\000\167\000\151\000\164\000\150\000\040\000\143\000\171\000\143\000\154\000\145\000\051}{section.3}% 38
\BOOKMARK [2][-]{subsection.3.16}{\376\377\000\163\000\145\000\143\000\157\000\156\000\144\000\123\000\120}{section.3}% 39
\BOOKMARK [2][-]{subsection.3.17}{\376\377\000\123\000\120\000\106\000\101}{section.3}% 40
\BOOKMARK [2][-]{subsection.3.18}{\376\377\000\102\000\145\000\163\000\164\000\040\000\122\000\141\000\144\000\151\000\157\000\040\000\123\000\160\000\141\000\156\000\156\000\151\000\156\000\147\000\040\000\124\000\162\000\145\000\145}{section.3}% 41
\BOOKMARK [2][-]{subsection.3.19}{\376\377\000\103\000\157\000\165\000\156\000\164\000\040\000\123\000\160\000\141\000\156\000\156\000\151\000\156\000\147\000\040\000\124\000\162\000\145\000\145}{section.3}% 42
\BOOKMARK [2][-]{subsection.3.20}{\376\377\000\104\000\145\000\147\000\162\000\145\000\145\000\040\000\114\000\151\000\155\000\151\000\164\000\145\000\144\000\040\000\123\000\160\000\141\000\156\000\156\000\151\000\156\000\147\000\040\000\124\000\162\000\145\000\145}{section.3}% 43
\BOOKMARK [2][-]{subsection.3.21}{\376\377\000\163\000\145\000\143\000\157\000\156\000\144\000\040\000\115\000\123\000\124}{section.3}% 44
\BOOKMARK [2][-]{subsection.3.22}{\376\377\000\155\000\151\000\156\000\151\000\155\000\165\000\155\000\040\000\144\000\151\000\162\000\145\000\143\000\164\000\040\000\164\000\162\000\145\000\145\000\050\000\155\000\141\000\164\000\162\000\151\000\170\000\051}{section.3}% 45
\BOOKMARK [2][-]{subsection.3.23}{\376\377\000\155\000\151\000\156\000\151\000\155\000\165\000\155\000\040\000\144\000\151\000\162\000\145\000\143\000\164\000\040\000\164\000\162\000\145\000\145\000\050\000\160\000\157\000\157\000\154\000\051}{section.3}% 46
\BOOKMARK [2][-]{subsection.3.24}{\376\377\000\155\000\141\000\170\000\146\000\154\000\157\000\167}{section.3}% 47
\BOOKMARK [2][-]{subsection.3.25}{\376\377\000\155\000\151\000\156\000\143\000\157\000\163\000\164\000\146\000\154\000\157\000\167}{section.3}% 48
\BOOKMARK [1][-]{section.4}{\376\377\000\143\000\157\000\155\000\160\000\165\000\164\000\141\000\164\000\151\000\157\000\156\000\141\000\154\000\040\000\147\000\145\000\157\000\155\000\145\000\164\000\162\000\171}{}% 49
\BOOKMARK [2][-]{subsection.4.1}{\376\377\000\147\000\145\000\157\000\155\000\145\000\164\000\162\000\171}{section.4}% 50
\BOOKMARK [2][-]{subsection.4.2}{\376\377\000\063\000\104\000\055\000\103\000\157\000\156\000\166\000\145\000\170}{section.4}% 51
\BOOKMARK [1][-]{section.5}{\376\377\000\155\000\141\000\164\000\150}{}% 52
\BOOKMARK [2][-]{subsection.5.1}{\376\377\000\143\000\141\000\156\000\164\000\157\000\162\000\040\000\145\000\170\000\164\000\145\000\156\000\144}{section.5}% 53
\BOOKMARK [2][-]{subsection.5.2}{\376\377\000\145\000\165\000\154\000\141\000\162\000\040\000\146\000\165\000\156\000\143\000\164\000\151\000\157\000\156}{section.5}% 54
\BOOKMARK [2][-]{subsection.5.3}{\376\377\000\115\000\141\000\164\000\162\000\151\000\170}{section.5}% 55
\BOOKMARK [2][-]{subsection.5.4}{\376\377\000\155\000\151\000\154\000\154\000\145\000\162\000\040\000\162\000\141\000\142\000\151\000\156}{section.5}% 56
\BOOKMARK [2][-]{subsection.5.5}{\376\377\000\160\000\157\000\154\000\154\000\141\000\162\000\144\000\040\000\162\000\150\000\157}{section.5}% 57
\BOOKMARK [2][-]{subsection.5.6}{\376\377\000\154\000\151\000\156\000\145\000\141\000\162\000\115\000\157\000\144\000\165\000\154\000\141\000\162\000\123\000\171\000\163\000\164\000\145\000\155}{section.5}% 58
\BOOKMARK [2][-]{subsection.5.7}{\376\377\000\105\000\162\000\141\000\164\000\157\000\163\000\164\000\150\000\145\000\156\000\145\000\163}{section.5}% 59
\BOOKMARK [1][-]{section.6}{\376\377\000\144\000\171\000\156\000\141\000\155\000\151\000\143\000\040\000\120\000\162\000\157\000\147\000\162\000\141\000\155\000\155\000\151\000\156\000\147}{}% 60
\BOOKMARK [2][-]{subsection.6.1}{\376\377\000\104\000\106\000\101\000\040\000\104\000\120}{section.6}% 61
\BOOKMARK [2][-]{subsection.6.2}{\376\377\000\155\000\141\000\163\000\153\000\040\000\046\000\040\000\143\000\157\000\156\000\156\000\145\000\143\000\164\000\151\000\157\000\156}{section.6}% 62
\BOOKMARK [2][-]{subsection.6.3}{\376\377\000\122\000\115\000\121}{section.6}% 63
\BOOKMARK [2][-]{subsection.6.4}{\376\377\000\110\000\117\000\112\000\062\000\071\000\067\000\063}{section.6}% 64
\BOOKMARK [2][-]{subsection.6.5}{\376\377\000\163\000\154\000\157\000\160\000\145}{section.6}% 65
\BOOKMARK [1][-]{section.7}{\376\377\000\157\000\164\000\150\000\145\000\162}{}% 66
\BOOKMARK [2][-]{subsection.7.1}{\376\377\217\336\220\032\140\047\000\104\000\120}{section.7}% 67
\BOOKMARK [2][-]{subsection.7.2}{\376\377\000\151\000\156\000\160\000\165\000\164\000\040\000\163\000\164\000\162\000\145\000\141\000\155}{section.7}% 68
\BOOKMARK [2][-]{subsection.7.3}{\376\377\000\163\000\160\000\154\000\141\000\171}{section.7}% 69
\BOOKMARK [2][-]{subsection.7.4}{\376\377\000\156\000\145\000\164\000\167\000\157\000\162\000\153\000\040\000\167\000\151\000\164\000\150\000\040\000\154\000\157\000\167\000\040\000\142\000\157\000\165\000\156\000\144}{section.7}% 70
